Start testing: Mar 23 11:10 +08
----------------------------------------------------------
1/1 Testing: master-software-test
1/1 Test: master-software-test
Command: "/Users/dp/Desktop/speqtral_challenge/master-software/build/test-masterSoftware"
Directory: /Users/dp/Desktop/speqtral_challenge/master-software/build
"master-software-test" start time: Mar 23 11:10 +08
Output:
----------------------------------------------------------
[==========] Running 1 test from 1 test suite.
[----------] Global test environment set-up.
[----------] 1 test from MasterSoftwareTest
[ RUN      ] MasterSoftwareTest.PrintTest
[       OK ] MasterSoftwareTest.PrintTest (350 ms)
[----------] 1 test from MasterSoftwareTest (350 ms total)

[----------] Global test environment tear-down
[==========] 1 test from 1 test suite ran. (350 ms total)
[  PASSED  ] 1 test.
<end of output>
Test time =   0.51 sec
----------------------------------------------------------
Test Passed.
"master-software-test" end time: Mar 23 11:10 +08
"master-software-test" time elapsed: 00:00:00
----------------------------------------------------------

End testing: Mar 23 11:10 +08
